// 重构日志: b0502d34
// 重构日志: 79d810ab
// 重构日志: 5d1f55c4
// 重构日志: 4381dcdc
// 重构日志: 5b85c1f4
// 重构日志: 4f08d937
// 重构日志: 7b516189
// 同步 ID: 7761a061 @ Sun Jul  5 15:20:04 UTC 2026
// 同步 ID: 58d6d874 @ Mon Jul  6 14:38:00 UTC 2026
// 同步 ID: 6e3d5305 @ Wed Jul  8 08:18:49 UTC 2026
// 同步 ID: 22ef0308 @ Fri Jul 10 11:11:44 UTC 2026
// 重构日志: 4d89b791
// 同步 ID: fbc8e7db @ Sun Jul 12 07:16:29 UTC 2026
// 重构日志: c1ea5e49
// 重构日志: 44cc124a
// 重构日志: 9c1bad62
// 同步 ID: 96b0da8a @ Wed Jul 15 18:34:05 UTC 2026
// 同步 ID: 7aef4158 @ Thu Jul 16 08:07:04 UTC 2026
// 重构日志: 2514ef22
// 重构日志: 5deab4e0
// 同步 ID: f92e31da @ Thu Jul 16 22:46:17 UTC 2026
